<testsuite failures="1" name="src/test/java/web_testing/selenium/add_remove_elements.feature" skipped="0" tests="1" time="6.042603">
  <testcase classname="src.test.java.web_testing.selenium.add_remove_elements" name="click to add an element and then remove it" time="6.042603">
    <failure message="add_remove_elements.feature:13 - path: $, actual: '{&quot;stacktrace&quot;:&quot;0   chromedriver                        0x000000010e807789 chromedriver + 4671369\n1   chromedriver                        0x000000010e7a25d3 chromedriver + 4257235\n2   chromedriver                        0x000000010e44c00f chromedriver + 757775\n3   chromedriver                        0x000000010e443283 chromedriver + 721539\n4   chromedriver                        0x000000010e44445d chromedriver + 726109\n5   chromedriver                        0x000000010e43e6b5 chromedriver + 702133\n6   chromedriver                        0x000000010e44d593 chromedriver + 763283\n7   chromedriver                        0x000000010e3e0e28 chromedriver + 319016\n8   chromedriver                        0x000000010e3d4713 chromedriver + 268051\n9   chromedriver                        0x000000010e3ae21d chromedriver + 111133\n10  chromedriver                        0x000000010e3af1c5 chromedriver + 115141\n11  chromedriver                        0x000000010e7ca03f chromedriver + 4419647\n12  chromedriver                        0x000000010e7d6cda chromedriver + 4472026\n13  chromedriver                        0x000000010e7d6a77 chromedriver + 4471415\n14  chromedriver                        0x000000010e7ae189 chromedriver + 4305289\n15  chromedriver                        0x000000010e7d7587 chromedriver + 4474247\n16  chromedriver                        0x000000010e7bfdc7 chromedriver + 4378055\n17  chromedriver                        0x000000010e7ed7f4 chromedriver + 4564980\n18  chromedriver                        0x000000010e80d717 chromedriver + 4695831\n19  libsystem_pthread.dylib             0x00007fff6f511109 _pthread_start + 148\n20  libsystem_pthread.dylib             0x00007fff6f50cb8b thread_start + 15\n&quot;,&quot;error&quot;:&quot;no such window&quot;,&quot;message&quot;:&quot;no such window: window was already closed\n  (Session info: chrome=81.0.4044.92)&quot;}', expected: 'Delete', reason: not equal">* def addButton = "#content &gt; div &gt; button" ............................... passed
* def deleteButton = "#elements &gt; button" ................................. passed
Given driver host + '/add_remove_elements/' ............................... passed
And match exists(deleteButton).exist == null .............................. passed
And delay(1000) ........................................................... passed
When click(addButton) ..................................................... passed
Then match driver.text(deleteButton) == "Delete" .......................... failed

Stack Trace:
com.intuit.karate.exception.KarateException: add_remove_elements.feature:13 - path: $, actual: '{"stacktrace":"0   chromedriver                        0x000000010e807789 chromedriver + 4671369\n1   chromedriver                        0x000000010e7a25d3 chromedriver + 4257235\n2   chromedriver                        0x000000010e44c00f chromedriver + 757775\n3   chromedriver                        0x000000010e443283 chromedriver + 721539\n4   chromedriver                        0x000000010e44445d chromedriver + 726109\n5   chromedriver                        0x000000010e43e6b5 chromedriver + 702133\n6   chromedriver                        0x000000010e44d593 chromedriver + 763283\n7   chromedriver                        0x000000010e3e0e28 chromedriver + 319016\n8   chromedriver                        0x000000010e3d4713 chromedriver + 268051\n9   chromedriver                        0x000000010e3ae21d chromedriver + 111133\n10  chromedriver                        0x000000010e3af1c5 chromedriver + 115141\n11  chromedriver                        0x000000010e7ca03f chromedriver + 4419647\n12  chromedriver                        0x000000010e7d6cda chromedriver + 4472026\n13  chromedriver                        0x000000010e7d6a77 chromedriver + 4471415\n14  chromedriver                        0x000000010e7ae189 chromedriver + 4305289\n15  chromedriver                        0x000000010e7d7587 chromedriver + 4474247\n16  chromedriver                        0x000000010e7bfdc7 chromedriver + 4378055\n17  chromedriver                        0x000000010e7ed7f4 chromedriver + 4564980\n18  chromedriver                        0x000000010e80d717 chromedriver + 4695831\n19  libsystem_pthread.dylib             0x00007fff6f511109 _pthread_start + 148\n20  libsystem_pthread.dylib             0x00007fff6f50cb8b thread_start + 15\n","error":"no such window","message":"no such window: window was already closed\n  (Session info: chrome=81.0.4044.92)"}', expected: 'Delete', reason: not equal
	at âœ½.Then match driver.text(deleteButton) == "Delete" (add_remove_elements.feature:13)

When click(deleteButton) .................................................. skipped
Then match exists(deleteButton).exist == null ............................. skipped</failure>
  </testcase>
</testsuite>
